E:\SDNINTELLIGENTROUTING20160627\SDNINTELLIGENTROUTING\RELEASE\SDNINTELLIGENTROUTING.EXE
E:\SDNINTELLIGENTROUTING20160627\SDNINTELLIGENTROUTING\RELEASE\SDNINTELLIGENTROUTING.PDB
E:\SDNINTELLIGENTROUTING20160627\SDNINTELLIGENTROUTING\SDNINTELLIGENTROUTING\RELEASE\SDNINTELLIGENTROUTING.EXE.INTERMEDIATE.MANIFEST
E:\SDNINTELLIGENTROUTING20160627\SDNINTELLIGENTROUTING\SDNINTELLIGENTROUTING\RELEASE\SDNINTELLIGENTROUTING.OBJ
E:\SDNINTELLIGENTROUTING20160627\SDNINTELLIGENTROUTING\SDNINTELLIGENTROUTING\RELEASE\SDNINTELLIGENTROUTING.PCH
E:\SDNINTELLIGENTROUTING20160627\SDNINTELLIGENTROUTING\SDNINTELLIGENTROUTING\RELEASE\STDAFX.OBJ
E:\SDNINTELLIGENTROUTING20160627\SDNINTELLIGENTROUTING\SDNINTELLIGENTROUTING\RELEASE\VC100.PDB
E:\SDNINTELLIGENTROUTING2017\SDNINTELLIGENTROUTING\RELEASE\SDNINTELLIGENTROUTING.EXE
E:\SDNINTELLIGENTROUTING2017\SDNINTELLIGENTROUTING\RELEASE\SDNINTELLIGENTROUTING.PDB
E:\SDNINTELLIGENTROUTING2017\SDNINTELLIGENTROUTING\SDNINTELLIGENTROUTING\RELEASE\SDNINTELLIGENTROUTING.EXE.INTERMEDIATE.MANIFEST
E:\SDNINTELLIGENTROUTING2017\SDNINTELLIGENTROUTING\SDNINTELLIGENTROUTING\RELEASE\SDNINTELLIGENTROUTING.OBJ
E:\SDNINTELLIGENTROUTING2017\SDNINTELLIGENTROUTING\SDNINTELLIGENTROUTING\RELEASE\SDNINTELLIGENTROUTING.PCH
E:\SDNINTELLIGENTROUTING2017\SDNINTELLIGENTROUTING\SDNINTELLIGENTROUTING\RELEASE\STDAFX.OBJ
E:\SDNINTELLIGENTROUTING2017\SDNINTELLIGENTROUTING\SDNINTELLIGENTROUTING\RELEASE\VC100.PDB
G:\MYSEARCH\赛尔网络项目\赛尔网络结题报告---20190415\2016年两年期项目结项验收--张闯闯\程序验收\程序\SDNINTELLIGENTROUTING2017\源代码--张闯闯\SDNINTELLIGENTROUTING\RELEASE\SDNINTELLIGENTROUTING.EXE
G:\MYSEARCH\赛尔网络项目\赛尔网络结题报告---20190415\2016年两年期项目结项验收--张闯闯\程序验收\程序\SDNINTELLIGENTROUTING2017\源代码--张闯闯\SDNINTELLIGENTROUTING\RELEASE\SDNINTELLIGENTROUTING.PDB
G:\mysearch\赛尔网络项目\赛尔网络结题报告---20190415\2016年两年期项目结项验收--张闯闯\程序验收\程序\SDNIntelligentRouting2017\源代码--张闯闯\SDNIntelligentRouting\SDNIntelligentRouting\Release\cl.command.1.tlog
G:\mysearch\赛尔网络项目\赛尔网络结题报告---20190415\2016年两年期项目结项验收--张闯闯\程序验收\程序\SDNIntelligentRouting2017\源代码--张闯闯\SDNIntelligentRouting\SDNIntelligentRouting\Release\CL.read.1.tlog
G:\mysearch\赛尔网络项目\赛尔网络结题报告---20190415\2016年两年期项目结项验收--张闯闯\程序验收\程序\SDNIntelligentRouting2017\源代码--张闯闯\SDNIntelligentRouting\SDNIntelligentRouting\Release\CL.write.1.tlog
G:\mysearch\赛尔网络项目\赛尔网络结题报告---20190415\2016年两年期项目结项验收--张闯闯\程序验收\程序\SDNIntelligentRouting2017\源代码--张闯闯\SDNIntelligentRouting\SDNIntelligentRouting\Release\link.command.1.tlog
G:\mysearch\赛尔网络项目\赛尔网络结题报告---20190415\2016年两年期项目结项验收--张闯闯\程序验收\程序\SDNIntelligentRouting2017\源代码--张闯闯\SDNIntelligentRouting\SDNIntelligentRouting\Release\link.read.1.tlog
G:\mysearch\赛尔网络项目\赛尔网络结题报告---20190415\2016年两年期项目结项验收--张闯闯\程序验收\程序\SDNIntelligentRouting2017\源代码--张闯闯\SDNIntelligentRouting\SDNIntelligentRouting\Release\link.write.1.tlog
G:\mysearch\赛尔网络项目\赛尔网络结题报告---20190415\2016年两年期项目结项验收--张闯闯\程序验收\程序\SDNIntelligentRouting2017\源代码--张闯闯\SDNIntelligentRouting\SDNIntelligentRouting\Release\mt.command.1.tlog
G:\mysearch\赛尔网络项目\赛尔网络结题报告---20190415\2016年两年期项目结项验收--张闯闯\程序验收\程序\SDNIntelligentRouting2017\源代码--张闯闯\SDNIntelligentRouting\SDNIntelligentRouting\Release\mt.read.1.tlog
G:\mysearch\赛尔网络项目\赛尔网络结题报告---20190415\2016年两年期项目结项验收--张闯闯\程序验收\程序\SDNIntelligentRouting2017\源代码--张闯闯\SDNIntelligentRouting\SDNIntelligentRouting\Release\mt.read.2.tlog
G:\mysearch\赛尔网络项目\赛尔网络结题报告---20190415\2016年两年期项目结项验收--张闯闯\程序验收\程序\SDNIntelligentRouting2017\源代码--张闯闯\SDNIntelligentRouting\SDNIntelligentRouting\Release\mt.write.1.tlog
G:\MYSEARCH\赛尔网络项目\赛尔网络结题报告---20190415\2016年两年期项目结项验收--张闯闯\程序验收\程序\SDNINTELLIGENTROUTING2017\源代码--张闯闯\SDNINTELLIGENTROUTING\SDNINTELLIGENTROUTING\RELEASE\SDNINTELLIGENTROUTING.EXE.INTERMEDIATE.MANIFEST
G:\mysearch\赛尔网络项目\赛尔网络结题报告---20190415\2016年两年期项目结项验收--张闯闯\程序验收\程序\SDNIntelligentRouting2017\源代码--张闯闯\SDNIntelligentRouting\SDNIntelligentRouting\Release\SDNIntelligentRouting.obj
G:\MYSEARCH\赛尔网络项目\赛尔网络结题报告---20190415\2016年两年期项目结项验收--张闯闯\程序验收\程序\SDNINTELLIGENTROUTING2017\源代码--张闯闯\SDNINTELLIGENTROUTING\SDNINTELLIGENTROUTING\RELEASE\SDNINTELLIGENTROUTING.PCH
G:\mysearch\赛尔网络项目\赛尔网络结题报告---20190415\2016年两年期项目结项验收--张闯闯\程序验收\程序\SDNIntelligentRouting2017\源代码--张闯闯\SDNIntelligentRouting\SDNIntelligentRouting\Release\SDNIntelligentRouting.vcxprojResolveAssemblyReference.cache
G:\mysearch\赛尔网络项目\赛尔网络结题报告---20190415\2016年两年期项目结项验收--张闯闯\程序验收\程序\SDNIntelligentRouting2017\源代码--张闯闯\SDNIntelligentRouting\SDNIntelligentRouting\Release\SDNIntelligentRouting.write.1.tlog
G:\MYSEARCH\赛尔网络项目\赛尔网络结题报告---20190415\2016年两年期项目结项验收--张闯闯\程序验收\程序\SDNINTELLIGENTROUTING2017\源代码--张闯闯\SDNINTELLIGENTROUTING\SDNINTELLIGENTROUTING\RELEASE\STDAFX.OBJ
G:\MYSEARCH\赛尔网络项目\赛尔网络结题报告---20190415\2016年两年期项目结项验收--张闯闯\程序验收\程序\SDNINTELLIGENTROUTING2017\源代码--张闯闯\SDNINTELLIGENTROUTING\SDNINTELLIGENTROUTING\RELEASE\VC100.PDB
